[32m2025-06-06 15:31:34 +0700[0m - dagster - [34mDEBUG[0m - __ASSET_JOB - dda11869-c34b-44b8-b98d-b2485463ea1b - 4611 - LOGS_CAPTURED - Started capturing logs in process (pid: 4611).
[32m2025-06-06 15:31:34 +0700[0m - dagster - [34mDEBUG[0m - __ASSET_JOB - dda11869-c34b-44b8-b98d-b2485463ea1b - 4611 - yellow_tripdata_bulk_download - STEP_START - Started execution of step "yellow_tripdata_bulk_download".
[32m2025-06-06 15:31:34 +0700[0m - dagster - [34mINFO[0m - __ASSET_JOB - dda11869-c34b-44b8-b98d-b2485463ea1b - yellow_tripdata_bulk_download - Downloading file from https://d37ci6vzurychx.cloudfront.net/trip-data/yellow_tripdata_2023-01.parquet
[32m2025-06-06 15:31:38 +0700[0m - dagster - [34mINFO[0m - __ASSET_JOB - dda11869-c34b-44b8-b98d-b2485463ea1b - yellow_tripdata_bulk_download - Download complete: /Users/duytruong/Documents/Projects/nyc_taxi_pipeline/raw/nyc_taxi_yellow/yellow_tripdata_2023-01.parquet
[32m2025-06-06 15:31:38 +0700[0m - dagster - [34mINFO[0m - __ASSET_JOB - dda11869-c34b-44b8-b98d-b2485463ea1b - yellow_tripdata_bulk_download - Downloading file from https://d37ci6vzurychx.cloudfront.net/trip-data/yellow_tripdata_2023-02.parquet
[32m2025-06-06 15:31:42 +0700[0m - dagster - [34mINFO[0m - __ASSET_JOB - dda11869-c34b-44b8-b98d-b2485463ea1b - yellow_tripdata_bulk_download - Download complete: /Users/duytruong/Documents/Projects/nyc_taxi_pipeline/raw/nyc_taxi_yellow/yellow_tripdata_2023-02.parquet
[32m2025-06-06 15:31:42 +0700[0m - dagster - [34mINFO[0m - __ASSET_JOB - dda11869-c34b-44b8-b98d-b2485463ea1b - yellow_tripdata_bulk_download - Downloading file from https://d37ci6vzurychx.cloudfront.net/trip-data/yellow_tripdata_2023-03.parquet
[32m2025-06-06 15:31:46 +0700[0m - dagster - [34mINFO[0m - __ASSET_JOB - dda11869-c34b-44b8-b98d-b2485463ea1b - yellow_tripdata_bulk_download - Download complete: /Users/duytruong/Documents/Projects/nyc_taxi_pipeline/raw/nyc_taxi_yellow/yellow_tripdata_2023-03.parquet
[32m2025-06-06 15:31:46 +0700[0m - dagster - [34mINFO[0m - __ASSET_JOB - dda11869-c34b-44b8-b98d-b2485463ea1b - yellow_tripdata_bulk_download - Downloading file from https://d37ci6vzurychx.cloudfront.net/trip-data/yellow_tripdata_2023-04.parquet
[32m2025-06-06 15:31:59 +0700[0m - dagster - [34mINFO[0m - __ASSET_JOB - dda11869-c34b-44b8-b98d-b2485463ea1b - yellow_tripdata_bulk_download - Download complete: /Users/duytruong/Documents/Projects/nyc_taxi_pipeline/raw/nyc_taxi_yellow/yellow_tripdata_2023-04.parquet
[32m2025-06-06 15:31:59 +0700[0m - dagster - [34mINFO[0m - __ASSET_JOB - dda11869-c34b-44b8-b98d-b2485463ea1b - yellow_tripdata_bulk_download - Downloading file from https://d37ci6vzurychx.cloudfront.net/trip-data/yellow_tripdata_2023-05.parquet
[32m2025-06-06 15:32:06 +0700[0m - dagster - [34mINFO[0m - __ASSET_JOB - dda11869-c34b-44b8-b98d-b2485463ea1b - yellow_tripdata_bulk_download - Download complete: /Users/duytruong/Documents/Projects/nyc_taxi_pipeline/raw/nyc_taxi_yellow/yellow_tripdata_2023-05.parquet
[32m2025-06-06 15:32:06 +0700[0m - dagster - [34mINFO[0m - __ASSET_JOB - dda11869-c34b-44b8-b98d-b2485463ea1b - yellow_tripdata_bulk_download - Downloading file from https://d37ci6vzurychx.cloudfront.net/trip-data/yellow_tripdata_2023-06.parquet
[32m2025-06-06 15:32:10 +0700[0m - dagster - [34mINFO[0m - __ASSET_JOB - dda11869-c34b-44b8-b98d-b2485463ea1b - yellow_tripdata_bulk_download - Download complete: /Users/duytruong/Documents/Projects/nyc_taxi_pipeline/raw/nyc_taxi_yellow/yellow_tripdata_2023-06.parquet
[32m2025-06-06 15:32:10 +0700[0m - dagster - [34mINFO[0m - __ASSET_JOB - dda11869-c34b-44b8-b98d-b2485463ea1b - yellow_tripdata_bulk_download - Downloading file from https://d37ci6vzurychx.cloudfront.net/trip-data/yellow_tripdata_2023-07.parquet
[32m2025-06-06 15:32:14 +0700[0m - dagster - [34mINFO[0m - __ASSET_JOB - dda11869-c34b-44b8-b98d-b2485463ea1b - yellow_tripdata_bulk_download - Download complete: /Users/duytruong/Documents/Projects/nyc_taxi_pipeline/raw/nyc_taxi_yellow/yellow_tripdata_2023-07.parquet
[32m2025-06-06 15:32:14 +0700[0m - dagster - [34mINFO[0m - __ASSET_JOB - dda11869-c34b-44b8-b98d-b2485463ea1b - yellow_tripdata_bulk_download - Downloading file from https://d37ci6vzurychx.cloudfront.net/trip-data/yellow_tripdata_2023-08.parquet
[32m2025-06-06 15:32:17 +0700[0m - dagster - [34mINFO[0m - __ASSET_JOB - dda11869-c34b-44b8-b98d-b2485463ea1b - yellow_tripdata_bulk_download - Download complete: /Users/duytruong/Documents/Projects/nyc_taxi_pipeline/raw/nyc_taxi_yellow/yellow_tripdata_2023-08.parquet
[32m2025-06-06 15:32:17 +0700[0m - dagster - [34mINFO[0m - __ASSET_JOB - dda11869-c34b-44b8-b98d-b2485463ea1b - yellow_tripdata_bulk_download - Downloading file from https://d37ci6vzurychx.cloudfront.net/trip-data/yellow_tripdata_2023-09.parquet
[32m2025-06-06 15:32:21 +0700[0m - dagster - [34mINFO[0m - __ASSET_JOB - dda11869-c34b-44b8-b98d-b2485463ea1b - yellow_tripdata_bulk_download - Download complete: /Users/duytruong/Documents/Projects/nyc_taxi_pipeline/raw/nyc_taxi_yellow/yellow_tripdata_2023-09.parquet
[32m2025-06-06 15:32:21 +0700[0m - dagster - [34mINFO[0m - __ASSET_JOB - dda11869-c34b-44b8-b98d-b2485463ea1b - yellow_tripdata_bulk_download - Downloading file from https://d37ci6vzurychx.cloudfront.net/trip-data/yellow_tripdata_2023-10.parquet
[32m2025-06-06 15:32:25 +0700[0m - dagster - [34mINFO[0m - __ASSET_JOB - dda11869-c34b-44b8-b98d-b2485463ea1b - yellow_tripdata_bulk_download - Download complete: /Users/duytruong/Documents/Projects/nyc_taxi_pipeline/raw/nyc_taxi_yellow/yellow_tripdata_2023-10.parquet
[32m2025-06-06 15:32:25 +0700[0m - dagster - [34mINFO[0m - __ASSET_JOB - dda11869-c34b-44b8-b98d-b2485463ea1b - yellow_tripdata_bulk_download - Downloading file from https://d37ci6vzurychx.cloudfront.net/trip-data/yellow_tripdata_2023-11.parquet
[32m2025-06-06 15:32:29 +0700[0m - dagster - [34mINFO[0m - __ASSET_JOB - dda11869-c34b-44b8-b98d-b2485463ea1b - yellow_tripdata_bulk_download - Download complete: /Users/duytruong/Documents/Projects/nyc_taxi_pipeline/raw/nyc_taxi_yellow/yellow_tripdata_2023-11.parquet
[32m2025-06-06 15:32:29 +0700[0m - dagster - [34mINFO[0m - __ASSET_JOB - dda11869-c34b-44b8-b98d-b2485463ea1b - yellow_tripdata_bulk_download - Downloading file from https://d37ci6vzurychx.cloudfront.net/trip-data/yellow_tripdata_2023-12.parquet
[32m2025-06-06 15:32:33 +0700[0m - dagster - [34mINFO[0m - __ASSET_JOB - dda11869-c34b-44b8-b98d-b2485463ea1b - yellow_tripdata_bulk_download - Download complete: /Users/duytruong/Documents/Projects/nyc_taxi_pipeline/raw/nyc_taxi_yellow/yellow_tripdata_2023-12.parquet
[32m2025-06-06 15:32:33 +0700[0m - dagster - [34mINFO[0m - __ASSET_JOB - dda11869-c34b-44b8-b98d-b2485463ea1b - yellow_tripdata_bulk_download - Downloading file from https://d37ci6vzurychx.cloudfront.net/trip-data/yellow_tripdata_2024-01.parquet
[32m2025-06-06 15:32:37 +0700[0m - dagster - [34mINFO[0m - __ASSET_JOB - dda11869-c34b-44b8-b98d-b2485463ea1b - yellow_tripdata_bulk_download - Download complete: /Users/duytruong/Documents/Projects/nyc_taxi_pipeline/raw/nyc_taxi_yellow/yellow_tripdata_2024-01.parquet
[32m2025-06-06 15:32:37 +0700[0m - dagster - [34mINFO[0m - __ASSET_JOB - dda11869-c34b-44b8-b98d-b2485463ea1b - yellow_tripdata_bulk_download - Downloading file from https://d37ci6vzurychx.cloudfront.net/trip-data/yellow_tripdata_2024-02.parquet
[32m2025-06-06 15:32:41 +0700[0m - dagster - [34mINFO[0m - __ASSET_JOB - dda11869-c34b-44b8-b98d-b2485463ea1b - yellow_tripdata_bulk_download - Download complete: /Users/duytruong/Documents/Projects/nyc_taxi_pipeline/raw/nyc_taxi_yellow/yellow_tripdata_2024-02.parquet
[32m2025-06-06 15:32:41 +0700[0m - dagster - [34mINFO[0m - __ASSET_JOB - dda11869-c34b-44b8-b98d-b2485463ea1b - yellow_tripdata_bulk_download - Downloading file from https://d37ci6vzurychx.cloudfront.net/trip-data/yellow_tripdata_2024-03.parquet
[32m2025-06-06 15:32:45 +0700[0m - dagster - [34mINFO[0m - __ASSET_JOB - dda11869-c34b-44b8-b98d-b2485463ea1b - yellow_tripdata_bulk_download - Download complete: /Users/duytruong/Documents/Projects/nyc_taxi_pipeline/raw/nyc_taxi_yellow/yellow_tripdata_2024-03.parquet
[32m2025-06-06 15:32:45 +0700[0m - dagster - [34mINFO[0m - __ASSET_JOB - dda11869-c34b-44b8-b98d-b2485463ea1b - yellow_tripdata_bulk_download - Downloading file from https://d37ci6vzurychx.cloudfront.net/trip-data/yellow_tripdata_2024-04.parquet
[32m2025-06-06 15:32:49 +0700[0m - dagster - [34mINFO[0m - __ASSET_JOB - dda11869-c34b-44b8-b98d-b2485463ea1b - yellow_tripdata_bulk_download - Download complete: /Users/duytruong/Documents/Projects/nyc_taxi_pipeline/raw/nyc_taxi_yellow/yellow_tripdata_2024-04.parquet
[32m2025-06-06 15:32:49 +0700[0m - dagster - [34mINFO[0m - __ASSET_JOB - dda11869-c34b-44b8-b98d-b2485463ea1b - yellow_tripdata_bulk_download - Downloading file from https://d37ci6vzurychx.cloudfront.net/trip-data/yellow_tripdata_2024-05.parquet
[32m2025-06-06 15:32:53 +0700[0m - dagster - [34mINFO[0m - __ASSET_JOB - dda11869-c34b-44b8-b98d-b2485463ea1b - yellow_tripdata_bulk_download - Download complete: /Users/duytruong/Documents/Projects/nyc_taxi_pipeline/raw/nyc_taxi_yellow/yellow_tripdata_2024-05.parquet
[32m2025-06-06 15:32:53 +0700[0m - dagster - [34mINFO[0m - __ASSET_JOB - dda11869-c34b-44b8-b98d-b2485463ea1b - yellow_tripdata_bulk_download - Downloading file from https://d37ci6vzurychx.cloudfront.net/trip-data/yellow_tripdata_2024-06.parquet
[32m2025-06-06 15:32:57 +0700[0m - dagster - [34mINFO[0m - __ASSET_JOB - dda11869-c34b-44b8-b98d-b2485463ea1b - yellow_tripdata_bulk_download - Download complete: /Users/duytruong/Documents/Projects/nyc_taxi_pipeline/raw/nyc_taxi_yellow/yellow_tripdata_2024-06.parquet
[32m2025-06-06 15:32:57 +0700[0m - dagster - [34mINFO[0m - __ASSET_JOB - dda11869-c34b-44b8-b98d-b2485463ea1b - yellow_tripdata_bulk_download - Downloading file from https://d37ci6vzurychx.cloudfront.net/trip-data/yellow_tripdata_2024-07.parquet
[32m2025-06-06 15:33:01 +0700[0m - dagster - [34mINFO[0m - __ASSET_JOB - dda11869-c34b-44b8-b98d-b2485463ea1b - yellow_tripdata_bulk_download - Download complete: /Users/duytruong/Documents/Projects/nyc_taxi_pipeline/raw/nyc_taxi_yellow/yellow_tripdata_2024-07.parquet
[32m2025-06-06 15:33:01 +0700[0m - dagster - [34mINFO[0m - __ASSET_JOB - dda11869-c34b-44b8-b98d-b2485463ea1b - yellow_tripdata_bulk_download - Downloading file from https://d37ci6vzurychx.cloudfront.net/trip-data/yellow_tripdata_2024-08.parquet
[32m2025-06-06 15:33:07 +0700[0m - dagster - [34mINFO[0m - __ASSET_JOB - dda11869-c34b-44b8-b98d-b2485463ea1b - yellow_tripdata_bulk_download - Download complete: /Users/duytruong/Documents/Projects/nyc_taxi_pipeline/raw/nyc_taxi_yellow/yellow_tripdata_2024-08.parquet
[32m2025-06-06 15:33:07 +0700[0m - dagster - [34mINFO[0m - __ASSET_JOB - dda11869-c34b-44b8-b98d-b2485463ea1b - yellow_tripdata_bulk_download - Downloading file from https://d37ci6vzurychx.cloudfront.net/trip-data/yellow_tripdata_2024-09.parquet
[32m2025-06-06 15:33:17 +0700[0m - dagster - [34mINFO[0m - __ASSET_JOB - dda11869-c34b-44b8-b98d-b2485463ea1b - yellow_tripdata_bulk_download - Download complete: /Users/duytruong/Documents/Projects/nyc_taxi_pipeline/raw/nyc_taxi_yellow/yellow_tripdata_2024-09.parquet
[32m2025-06-06 15:33:17 +0700[0m - dagster - [34mINFO[0m - __ASSET_JOB - dda11869-c34b-44b8-b98d-b2485463ea1b - yellow_tripdata_bulk_download - Downloading file from https://d37ci6vzurychx.cloudfront.net/trip-data/yellow_tripdata_2024-10.parquet
[32m2025-06-06 15:33:28 +0700[0m - dagster - [34mINFO[0m - __ASSET_JOB - dda11869-c34b-44b8-b98d-b2485463ea1b - yellow_tripdata_bulk_download - Download complete: /Users/duytruong/Documents/Projects/nyc_taxi_pipeline/raw/nyc_taxi_yellow/yellow_tripdata_2024-10.parquet
[32m2025-06-06 15:33:28 +0700[0m - dagster - [34mINFO[0m - __ASSET_JOB - dda11869-c34b-44b8-b98d-b2485463ea1b - yellow_tripdata_bulk_download - Downloading file from https://d37ci6vzurychx.cloudfront.net/trip-data/yellow_tripdata_2024-11.parquet
[32m2025-06-06 15:33:32 +0700[0m - dagster - [34mINFO[0m - __ASSET_JOB - dda11869-c34b-44b8-b98d-b2485463ea1b - yellow_tripdata_bulk_download - Download complete: /Users/duytruong/Documents/Projects/nyc_taxi_pipeline/raw/nyc_taxi_yellow/yellow_tripdata_2024-11.parquet
[32m2025-06-06 15:33:32 +0700[0m - dagster - [34mINFO[0m - __ASSET_JOB - dda11869-c34b-44b8-b98d-b2485463ea1b - yellow_tripdata_bulk_download - Downloading file from https://d37ci6vzurychx.cloudfront.net/trip-data/yellow_tripdata_2024-12.parquet
[32m2025-06-06 15:33:36 +0700[0m - dagster - [34mINFO[0m - __ASSET_JOB - dda11869-c34b-44b8-b98d-b2485463ea1b - yellow_tripdata_bulk_download - Download complete: /Users/duytruong/Documents/Projects/nyc_taxi_pipeline/raw/nyc_taxi_yellow/yellow_tripdata_2024-12.parquet
[32m2025-06-06 15:33:36 +0700[0m - dagster - [34mINFO[0m - __ASSET_JOB - dda11869-c34b-44b8-b98d-b2485463ea1b - yellow_tripdata_bulk_download - 24 yellow tripdata files downloaded or confirmed.
[32m2025-06-06 15:33:36 +0700[0m - dagster - [34mDEBUG[0m - __ASSET_JOB - dda11869-c34b-44b8-b98d-b2485463ea1b - 4611 - yellow_tripdata_bulk_download - STEP_OUTPUT - Yielded output "result" of type "Nothing". (Type check passed).
[32m2025-06-06 15:33:36 +0700[0m - dagster - [34mDEBUG[0m - __ASSET_JOB - dda11869-c34b-44b8-b98d-b2485463ea1b - 4611 - yellow_tripdata_bulk_download - ASSET_MATERIALIZATION - Materialized value yellow_tripdata_bulk_download.
[32m2025-06-06 15:33:36 +0700[0m - dagster - [34mDEBUG[0m - __ASSET_JOB - dda11869-c34b-44b8-b98d-b2485463ea1b - 4611 - yellow_tripdata_bulk_download - STEP_SUCCESS - Finished execution of step "yellow_tripdata_bulk_download" in 2m1s.
